<?xml version="1.0" encoding="UTF-8"?>
<testng-results ignored="0" total="2" passed="2" failed="0" skipped="0">
  <reporter-output>
  </reporter-output>
  <suite started-at="2024-02-23T19:18:08 IST" name="Default suite" finished-at="2024-02-23T19:18:21 IST" duration-ms="12522">
    <groups>
    </groups>
    <test started-at="2024-02-23T19:18:08 IST" name="Default test" finished-at="2024-02-23T19:18:21 IST" duration-ms="12522">
      <class name="org.TestCase.UserCase002">
        <test-method is-config="true" signature="lunchingURL()[pri:0, instance:org.TestCase.UserCase002@645aa696]" started-at="2024-02-23T19:18:08 IST" name="lunchingURL" finished-at="2024-02-23T19:18:16 IST" duration-ms="7579" status="PASS">
          <reporter-output>
          </reporter-output>
        </test-method> <!-- lunchingURL -->
        <test-method signature="LoginWebtremal()[pri:1, instance:org.TestCase.UserCase002@645aa696]" started-at="2024-02-23T19:18:16 IST" name="LoginWebtremal" finished-at="2024-02-23T19:18:17 IST" duration-ms="1454" status="PASS">
          <reporter-output>
          </reporter-output>
        </test-method> <!-- LoginWebtremal -->
        <test-method is-config="true" signature="lunchingURL()[pri:0, instance:org.TestCase.UserCase002@645aa696]" started-at="2024-02-23T19:18:17 IST" name="lunchingURL" finished-at="2024-02-23T19:18:19 IST" duration-ms="2133" status="PASS">
          <reporter-output>
          </reporter-output>
        </test-method> <!-- lunchingURL -->
        <test-method signature="LoginuserId()[pri:2, instance:org.TestCase.UserCase002@645aa696]" started-at="2024-02-23T19:18:19 IST" name="LoginuserId" finished-at="2024-02-23T19:18:21 IST" duration-ms="1319" status="PASS">
          <reporter-output>
          </reporter-output>
        </test-method> <!-- LoginuserId -->
      </class> <!-- org.TestCase.UserCase002 -->
    </test> <!-- Default test -->
  </suite> <!-- Default suite -->
</testng-results>
